<?xml version="1.0" encoding="UTF-8"?>
<!-- Generated by org.testng.reporters.JUnitXMLReporter -->
<testsuite hostname="KALAMSIR-PC" ignored="0" name="Default test" tests="10" failures="0" timestamp="2022-07-10T11:58:38 IST" time="0.057" errors="0">
  <testcase name="testmethod" time="0.005" classname="practicetestng.TestngDummy8"/>
  <testcase name="testmethod" time="0.001" classname="practicetestng.TestngDummy8"/>
  <testcase name="testmethod" time="0.0" classname="practicetestng.TestngDummy8"/>
  <testcase name="testmethod1" time="0.002" classname="practicetestng.TestngDummy9"/>
  <testcase name="testmethod1" time="0.001" classname="practicetestng.TestngDummy9"/>
  <testcase name="testmethod1" time="0.002" classname="practicetestng.TestngDummy9"/>
  <testcase name="testmethod2" time="0.001" classname="practicetestng.TestngDummy9"/>
  <testcase name="testmethod2" time="0.001" classname="practicetestng.TestngDummy9"/>
  <testcase name="testmethod2" time="0.001" classname="practicetestng.TestngDummy9"/>
  <testcase name="testmethod2" time="0.001" classname="practicetestng.TestngDummy9"/>
</testsuite> <!-- Default test -->
